[INFO] Scanning for projects...
[WARNING] 
[WARNING] Some problems were encountered while building the effective model for io.arex:arex-attacher:jar:0.3.4
[WARNING] 'build.plugins.plugin.version' for org.apache.maven.plugins:maven-jar-plugin is missing. @ io.arex:arex-attacher:${revision}, /mnt/ssd2/frank/fork/breaking-updates/tempProject/dc9a40fde9a9fee5aaec3f60695385ba539406d4/arex-agent-java/arex-attacher/pom.xml, line 27, column 21
[WARNING] 
[WARNING] Some problems were encountered while building the effective model for io.arex:arex-common-integration-test:jar:0.3.4
[WARNING] 'build.plugins.plugin.version' for org.apache.maven.plugins:maven-jar-plugin is missing. @ io.arex:arex-common-integration-test:${revision}, /mnt/ssd2/frank/fork/breaking-updates/tempProject/dc9a40fde9a9fee5aaec3f60695385ba539406d4/arex-agent-java/arex-integration-tests/arex-common-integration-test/pom.xml, line 16, column 21
[WARNING] 
[WARNING] Some problems were encountered while building the effective model for io.arex:arex-main-integration-test:jar:0.3.4
[WARNING] 'build.plugins.plugin.version' for org.apache.maven.plugins:maven-jar-plugin is missing. @ io.arex:arex-main-integration-test:${revision}, /mnt/ssd2/frank/fork/breaking-updates/tempProject/dc9a40fde9a9fee5aaec3f60695385ba539406d4/arex-agent-java/arex-integration-tests/arex-main-integration-test/pom.xml, line 27, column 21
[WARNING] 
[WARNING] It is highly recommended to fix these problems because they threaten the stability of your build.
[WARNING] 
[WARNING] For this reason, future Maven versions might no longer support building such malformed projects.
[WARNING] 
[INFO] ------------------------------------------------------------------------
[INFO] Reactor Build Order:
[INFO] 
[INFO] arex-agent-java                                                    [pom]
[INFO] arex-third-party                                                   [jar]
[INFO] arex-agent-bootstrap                                               [jar]
[INFO] arex-instrumentation-api                                           [jar]
[INFO] arex-instrumentation-foundation                                    [jar]
[INFO] arex-agent-core                                                    [jar]
[INFO] arex-instrumentation-parent                                        [pom]
[INFO] arex-executors                                                     [jar]
[INFO] arex-loader                                                        [jar]
[INFO] arex-httpservlet                                                   [jar]
[INFO] arex-httpclient-common                                             [jar]
[INFO] arex-httpclient-apache-v4                                          [jar]
[INFO] arex-database-common                                               [jar]
[INFO] arex-database-hibernate                                            [jar]
[INFO] arex-database-mybatis3                                             [jar]
[INFO] arex-redis-common                                                  [jar]
[INFO] arex-jedis-v4                                                      [jar]
[INFO] arex-lettuce-v6                                                    [jar]
[INFO] arex-redission-v3                                                  [jar]
[INFO] arex-serializer                                                    [jar]
[INFO] arex-dynamic-common                                                [jar]
[INFO] arex-dynamic                                                       [jar]
[INFO] arex-cache                                                         [jar]
[INFO] arex-time-machine                                                  [jar]
[INFO] arex-httpclient-okhttp-v3                                          [jar]
[INFO] arex-netty-v4                                                      [jar]
[INFO] arex-jwt                                                           [jar]
[INFO] arex-dubbo-common                                                  [jar]
[INFO] arex-dubbo-apache-v2                                               [jar]
[INFO] arex-dubbo-apache-v3                                               [jar]
[INFO] arex-dubbo-alibaba                                                 [jar]
[INFO] arex-spring-security                                               [jar]
[INFO] arex-httpclient-webclient-v5                                       [jar]
[INFO] arex-shiro                                                         [jar]
[INFO] arex-jcasbin                                                       [jar]
[INFO] arex-agent                                                         [jar]
[INFO] arex-jedis-v2                                                      [jar]
[INFO] arex-attacher                                                      [jar]
[INFO] arex-integration-tests                                             [pom]
[INFO] arex-common-integration-test                                       [jar]
[INFO] arex-main-integration-test                                         [jar]
[INFO] arex-dynamic-integration-test                                      [jar]
[INFO] arex-jedis-v4-integration-test                                     [jar]
Downloading from central: https://repo.maven.apache.org/maven2/org/codehaus/mojo/flatten-maven-plugin/1.4.1/flatten-maven-plugin-1.4.1.pom
Downloaded from central: https://repo.maven.apache.org/maven2/org/codehaus/mojo/flatten-maven-plugin/1.4.1/flatten-maven-plugin-1.4.1.pom (0 B at 0 B/s)
Downloading from central: https://repo.maven.apache.org/maven2/org/codehaus/mojo/flatten-maven-plugin/1.4.1/flatten-maven-plugin-1.4.1.jar
Downloaded from central: https://repo.maven.apache.org/maven2/org/codehaus/mojo/flatten-maven-plugin/1.4.1/flatten-maven-plugin-1.4.1.jar (0 B at 0 B/s)
[INFO] 
[INFO] ---------------------< io.arex:arex-agent-parent >----------------------
[INFO] Building arex-agent-java 0.3.4                                    [1/43]
[INFO] --------------------------------[ pom ]---------------------------------
Downloading from central: https://repo.maven.apache.org/maven2/org/mockito/mockito-junit-jupiter/4.7.0/mockito-junit-jupiter-4.7.0.pom
Progress (1): 2.3 kB
                    
Downloaded from central: https://repo.maven.apache.org/maven2/org/mockito/mockito-junit-jupiter/4.7.0/mockito-junit-jupiter-4.7.0.pom (2.3 kB at 136 kB/s)
Downloading from central: https://repo.maven.apache.org/maven2/org/mockito/mockito-core/4.7.0/mockito-core-4.7.0.pom
Progress (1): 2.5 kB
                    
Downloaded from central: https://repo.maven.apache.org/maven2/org/mockito/mockito-core/4.7.0/mockito-core-4.7.0.pom (2.5 kB at 277 kB/s)
Downloading from central: https://repo.maven.apache.org/maven2/net/bytebuddy/byte-buddy-agent/1.12.13/byte-buddy-agent-1.12.13.pom
Progress (1): 2.7/11 kB
Progress (1): 5.5/11 kB
Progress (1): 8.2/11 kB
Progress (1): 11/11 kB 
Progress (1): 11 kB   
                   
Downloaded from central: https://repo.maven.apache.org/maven2/net/bytebuddy/byte-buddy-agent/1.12.13/byte-buddy-agent-1.12.13.pom (11 kB at 540 kB/s)
Downloading from central: https://repo.maven.apache.org/maven2/net/bytebuddy/byte-buddy-parent/1.12.13/byte-buddy-parent-1.12.13.pom
Progress (1): 2.7/52 kB
Progress (1): 5.5/52 kB
Progress (1): 8.2/52 kB
Progress (1): 11/52 kB 
Progress (1): 14/52 kB
Progress (1): 16/52 kB
Progress (1): 20/52 kB
Progress (1): 24/52 kB
Progress (1): 28/52 kB
Progress (1): 32/52 kB
Progress (1): 36/52 kB
Progress (1): 40/52 kB
Progress (1): 45/52 kB
Progress (1): 49/52 kB
Progress (1): 52 kB   
                   
Downloaded from central: https://repo.maven.apache.org/maven2/net/bytebuddy/byte-buddy-parent/1.12.13/byte-buddy-parent-1.12.13.pom (52 kB at 2.4 MB/s)
Downloading from central: https://repo.maven.apache.org/maven2/org/mockito/mockito-inline/4.7.0/mockito-inline-4.7.0.pom
Progress (1): 2.2 kB
                    
Downloaded from central: https://repo.maven.apache.org/maven2/org/mockito/mockito-inline/4.7.0/mockito-inline-4.7.0.pom (2.2 kB at 183 kB/s)
Downloading from central: https://repo.maven.apache.org/maven2/org/mockito/mockito-junit-jupiter/4.7.0/mockito-junit-jupiter-4.7.0.jar
Downloading from central: https://repo.maven.apache.org/maven2/org/mockito/mockito-core/4.7.0/mockito-core-4.7.0.jar
Downloading from central: https://repo.maven.apache.org/maven2/net/bytebuddy/byte-buddy-agent/1.12.13/byte-buddy-agent-1.12.13.jar
Downloading from central: https://repo.maven.apache.org/maven2/org/mockito/mockito-inline/4.7.0/mockito-inline-4.7.0.jar
Progress (1): 4.1/5.4 kB
Progress (1): 5.4 kB    
Progress (2): 5.4 kB | 1.5 kB
Progress (3): 5.4 kB | 1.5 kB | 4.1/669 kB
Progress (3): 5.4 kB | 1.5 kB | 8.2/669 kB
Progress (3): 5.4 kB | 1.5 kB | 12/669 kB 
Progress (3): 5.4 kB | 1.5 kB | 16/669 kB
Progress (4): 5.4 kB | 1.5 kB | 16/669 kB | 2.7/256 kB
Progress (4): 5.4 kB | 1.5 kB | 20/669 kB | 2.7/256 kB
Progress (4): 5.4 kB | 1.5 kB | 25/669 kB | 2.7/256 kB
Progress (4): 5.4 kB | 1.5 kB | 29/669 kB | 2.7/256 kB
Progress (4): 5.4 kB | 1.5 kB | 33/669 kB | 2.7/256 kB
Progress (4): 5.4 kB | 1.5 kB | 37/669 kB | 2.7/256 kB
Progress (4): 5.4 kB | 1.5 kB | 41/669 kB | 2.7/256 kB
Progress (4): 5.4 kB | 1.5 kB | 45/669 kB | 2.7/256 kB
Progress (4): 5.4 kB | 1.5 kB | 49/669 kB | 2.7/256 kB
Progress (4): 5.4 kB | 1.5 kB | 53/669 kB | 2.7/256 kB
Progress (4): 5.4 kB | 1.5 kB | 57/669 kB | 2.7/256 kB
Progress (4): 5.4 kB | 1.5 kB | 61/669 kB | 2.7/256 kB
Progress (4): 5.4 kB | 1.5 kB | 66/669 kB | 2.7/256 kB
Progress (4): 5.4 kB | 1.5 kB | 70/669 kB | 2.7/256 kB
Progress (4): 5.4 kB | 1.5 kB | 74/669 kB | 2.7/256 kB
Progress (4): 5.4 kB | 1.5 kB | 78/669 kB | 2.7/256 kB
Progress (4): 5.4 kB | 1.5 kB | 82/669 kB | 2.7/256 kB
Progress (4): 5.4 kB | 1.5 kB | 86/669 kB | 2.7/256 kB
Progress (4): 5.4 kB | 1.5 kB | 90/669 kB | 2.7/256 kB
Progress (4): 5.4 kB | 1.5 kB | 94/669 kB | 2.7/256 kB
Progress (4): 5.4 kB | 1.5 kB | 98/669 kB | 2.7/256 kB
Progress (4): 5.4 kB | 1.5 kB | 102/669 kB | 2.7/256 kB
Progress (4): 5.4 kB | 1.5 kB | 106/669 kB | 2.7/256 kB
Progress (4): 5.4 kB | 1.5 kB | 111/669 kB | 2.7/256 kB
Progress (4): 5.4 kB | 1.5 kB | 115/669 kB | 2.7/256 kB
Progress (4): 5.4 kB | 1.5 kB | 119/669 kB | 2.7/256 kB
Progress (4): 5.4 kB | 1.5 kB | 123/669 kB | 2.7/256 kB
Progress (4): 5.4 kB | 1.5 kB | 127/669 kB | 2.7/256 kB
Progress (4): 5.4 kB | 1.5 kB | 131/669 kB | 2.7/256 kB
Progress (4): 5.4 kB | 1.5 kB | 135/669 kB | 2.7/256 kB
Progress (4): 5.4 kB | 1.5 kB | 139/669 kB | 2.7/256 kB
Progress (4): 5.4 kB | 1.5 kB | 143/669 kB | 2.7/256 kB
Progress (4): 5.4 kB | 1.5 kB | 147/669 kB | 2.7/256 kB
Progress (4): 5.4 kB | 1.5 kB | 152/669 kB | 2.7/256 kB
Progress (4): 5.4 kB | 1.5 kB | 156/669 kB | 2.7/256 kB
Progress (4): 5.4 kB | 1.5 kB | 160/669 kB | 2.7/256 kB
Progress (4): 5.4 kB | 1.5 kB | 164/669 kB | 2.7/256 kB
Progress (4): 5.4 kB | 1.5 kB | 168/669 kB | 2.7/256 kB
Progress (4): 5.4 kB | 1.5 kB | 172/669 kB | 2.7/256 kB
Progress (4): 5.4 kB | 1.5 kB | 176/669 kB | 2.7/256 kB
Progress (4): 5.4 kB | 1.5 kB | 180/669 kB | 2.7/256 kB
Progress (4): 5.4 kB | 1.5 kB | 184/669 kB | 2.7/256 kB
Progress (4): 5.4 kB | 1.5 kB | 188/669 kB | 2.7/256 kB
Progress (4): 5.4 kB | 1.5 kB | 193/669 kB | 2.7/256 kB
Progress (4): 5.4 kB | 1.5 kB | 197/669 kB | 2.7/256 kB
Progress (4): 5.4 kB | 1.5 kB | 201/669 kB | 2.7/256 kB
Progress (4): 5.4 kB | 1.5 kB | 205/669 kB | 2.7/256 kB
Progress (4): 5.4 kB | 1.5 kB | 209/669 kB | 2.7/256 kB
Progress (4): 5.4 kB | 1.5 kB | 213/669 kB | 2.7/256 kB
Progress (4): 5.4 kB | 1.5 kB | 217/669 kB | 2.7/256 kB
Progress (4): 5.4 kB | 1.5 kB | 221/669 kB | 2.7/256 kB
Progress (4): 5.4 kB | 1.5 kB | 225/669 kB | 2.7/256 kB
Progress (4): 5.4 kB | 1.5 kB | 229/669 kB | 2.7/256 kB
Progress (4): 5.4 kB | 1.5 kB | 233/669 kB | 2.7/256 kB
Progress (4): 5.4 kB | 1.5 kB | 238/669 kB | 2.7/256 kB
Progress (4): 5.4 kB | 1.5 kB | 242/669 kB | 2.7/256 kB
Progress (4): 5.4 kB | 1.5 kB | 246/669 kB | 2.7/256 kB
Progress (4): 5.4 kB | 1.5 kB | 250/669 kB | 2.7/256 kB
Progress (4): 5.4 kB | 1.5 kB | 254/669 kB | 2.7/256 kB
Progress (4): 5.4 kB | 1.5 kB | 254/669 kB | 5.5/256 kB
                                                       
Downloaded from central: https://repo.maven.apache.org/maven2/org/mockito/mockito-inline/4.7.0/mockito-inline-4.7.0.jar (1.5 kB at 25 kB/s)
Progress (3): 5.4 kB | 258/669 kB | 5.5/256 kB
Progress (3): 5.4 kB | 258/669 kB | 8.2/256 kB
Progress (3): 5.4 kB | 262/669 kB | 8.2/256 kB
Progress (3): 5.4 kB | 266/669 kB | 8.2/256 kB
Progress (3): 5.4 kB | 266/669 kB | 11/256 kB 
Progress (3): 5.4 kB | 270/669 kB | 11/256 kB
Progress (3): 5.4 kB | 274/669 kB | 11/256 kB
Progress (3): 5.4 kB | 279/669 kB | 11/256 kB
Progress (3): 5.4 kB | 283/669 kB | 11/256 kB
Progress (3): 5.4 kB | 283/669 kB | 14/256 kB
Progress (3): 5.4 kB | 287/669 kB | 14/256 kB
Progress (3): 5.4 kB | 291/669 kB | 14/256 kB
Progress (3): 5.4 kB | 295/669 kB | 14/256 kB
Progress (3): 5.4 kB | 295/669 kB | 16/256 kB
Progress (3): 5.4 kB | 299/669 kB | 16/256 kB
Progress (3): 5.4 kB | 303/669 kB | 16/256 kB
Progress (3): 5.4 kB | 307/669 kB | 16/256 kB
Progress (3): 5.4 kB | 311/669 kB | 16/256 kB
Progress (3): 5.4 kB | 315/669 kB | 16/256 kB
Progress (3): 5.4 kB | 319/669 kB | 16/256 kB
Progress (3): 5.4 kB | 324/669 kB | 16/256 kB
Progress (3): 5.4 kB | 328/669 kB | 16/256 kB
Progress (3): 5.4 kB | 332/669 kB | 16/256 kB
Progress (3): 5.4 kB | 332/669 kB | 20/256 kB
Progress (3): 5.4 kB | 336/669 kB | 20/256 kB
Progress (3): 5.4 kB | 336/669 kB | 24/256 kB
Progress (3): 5.4 kB | 340/669 kB | 24/256 kB
Progress (3): 5.4 kB | 340/669 kB | 28/256 kB
Progress (3): 5.4 kB | 344/669 kB | 28/256 kB
Progress (3): 5.4 kB | 344/669 kB | 32/256 kB
Progress (3): 5.4 kB | 348/669 kB | 32/256 kB
Progress (3): 5.4 kB | 352/669 kB | 32/256 kB
Progress (3): 5.4 kB | 356/669 kB | 32/256 kB
Progress (3): 5.4 kB | 360/669 kB | 32/256 kB
Progress (3): 5.4 kB | 365/669 kB | 32/256 kB
Progress (3): 5.4 kB | 369/669 kB | 32/256 kB
Progress (3): 5.4 kB | 373/669 kB | 32/256 kB
Progress (3): 5.4 kB | 377/669 kB | 32/256 kB
Progress (3): 5.4 kB | 377/669 kB | 36/256 kB
Progress (3): 5.4 kB | 381/669 kB | 36/256 kB
Progress (3): 5.4 kB | 381/669 kB | 40/256 kB
Progress (3): 5.4 kB | 385/669 kB | 40/256 kB
Progress (3): 5.4 kB | 385/669 kB | 45/256 kB
Progress (3): 5.4 kB | 389/669 kB | 45/256 kB
Progress (3): 5.4 kB | 389/669 kB | 49/256 kB
Progress (3): 5.4 kB | 393/669 kB | 49/256 kB
Progress (3): 5.4 kB | 397/669 kB | 49/256 kB
Progress (3): 5.4 kB | 401/669 kB | 49/256 kB
Progress (3): 5.4 kB | 406/669 kB | 49/256 kB
Progress (3): 5.4 kB | 406/669 kB | 53/256 kB
Progress (3): 5.4 kB | 410/669 kB | 53/256 kB
Progress (3): 5.4 kB | 410/669 kB | 57/256 kB
Progress (3): 5.4 kB | 410/669 kB | 61/256 kB
Progress (3): 5.4 kB | 410/669 kB | 65/256 kB
Progress (3): 5.4 kB | 414/669 kB | 65/256 kB
Progress (3): 5.4 kB | 418/669 kB | 65/256 kB
Progress (3): 5.4 kB | 422/669 kB | 65/256 kB
Progress (3): 5.4 kB | 426/669 kB | 65/256 kB
Progress (3): 5.4 kB | 426/669 kB | 69/256 kB
Progress (3): 5.4 kB | 430/669 kB | 69/256 kB
Progress (3): 5.4 kB | 430/669 kB | 73/256 kB
Progress (3): 5.4 kB | 434/669 kB | 73/256 kB
Progress (3): 5.4 kB | 434/669 kB | 77/256 kB
Progress (3): 5.4 kB | 438/669 kB | 77/256 kB
Progress (3): 5.4 kB | 438/669 kB | 81/256 kB
Progress (3): 5.4 kB | 442/669 kB | 81/256 kB
Progress (3): 5.4 kB | 442/669 kB | 85/256 kB
Progress (3): 5.4 kB | 446/669 kB | 85/256 kB
Progress (3): 5.4 kB | 446/669 kB | 90/256 kB
Progress (3): 5.4 kB | 451/669 kB | 90/256 kB
Progress (3): 5.4 kB | 451/669 kB | 94/256 kB
Progress (3): 5.4 kB | 455/669 kB | 94/256 kB
Progress (3): 5.4 kB | 455/669 kB | 98/256 kB
Progress (3): 5.4 kB | 459/669 kB | 98/256 kB
Progress (3): 5.4 kB | 459/669 kB | 102/256 kB
Progress (3): 5.4 kB | 459/669 kB | 106/256 kB
Progress (3): 5.4 kB | 463/669 kB | 106/256 kB
Progress (3): 5.4 kB | 463/669 kB | 110/256 kB
Progress (3): 5.4 kB | 467/669 kB | 110/256 kB
Progress (3): 5.4 kB | 467/669 kB | 114/256 kB
Progress (3): 5.4 kB | 471/669 kB | 114/256 kB
Progress (3): 5.4 kB | 475/669 kB | 114/256 kB
Progress (3): 5.4 kB | 475/669 kB | 118/256 kB
Progress (3): 5.4 kB | 479/669 kB | 118/256 kB
Progress (3): 5.4 kB | 479/669 kB | 122/256 kB
Progress (3): 5.4 kB | 483/669 kB | 122/256 kB
Progress (3): 5.4 kB | 483/669 kB | 126/256 kB
Progress (3): 5.4 kB | 487/669 kB | 126/256 kB
Progress (3): 5.4 kB | 487/669 kB | 131/256 kB
Progress (3): 5.4 kB | 492/669 kB | 131/256 kB
Progress (3): 5.4 kB | 496/669 kB | 131/256 kB
Progress (3): 5.4 kB | 500/669 kB | 131/256 kB
Progress (3): 5.4 kB | 504/669 kB | 131/256 kB
Progress (3): 5.4 kB | 504/669 kB | 135/256 kB
Progress (3): 5.4 kB | 508/669 kB | 135/256 kB
Progress (3): 5.4 kB | 508/669 kB | 139/256 kB
Progress (3): 5.4 kB | 508/669 kB | 143/256 kB
Progress (3): 5.4 kB | 508/669 kB | 147/256 kB
Progress (3): 5.4 kB | 512/669 kB | 147/256 kB
Progress (3): 5.4 kB | 516/669 kB | 147/256 kB
Progress (3): 5.4 kB | 516/669 kB | 151/256 kB
Progress (3): 5.4 kB | 520/669 kB | 151/256 kB
Progress (3): 5.4 kB | 520/669 kB | 155/256 kB
Progress (3): 5.4 kB | 524/669 kB | 155/256 kB
Progress (3): 5.4 kB | 524/669 kB | 159/256 kB
Progress (3): 5.4 kB | 524/669 kB | 163/256 kB
Progress (3): 5.4 kB | 528/669 kB | 163/256 kB
Progress (3): 5.4 kB | 532/669 kB | 163/256 kB
Progress (3): 5.4 kB | 532/669 kB | 167/256 kB
Progress (3): 5.4 kB | 537/669 kB | 167/256 kB
Progress (3): 5.4 kB | 537/669 kB | 171/256 kB
Progress (3): 5.4 kB | 541/669 kB | 171/256 kB
Progress (3): 5.4 kB | 541/669 kB | 176/256 kB
Progress (3): 5.4 kB | 541/669 kB | 180/256 kB
Progress (3): 5.4 kB | 545/669 kB | 180/256 kB
Progress (3): 5.4 kB | 549/669 kB | 180/256 kB
Progress (3): 5.4 kB | 549/669 kB | 184/256 kB
Progress (3): 5.4 kB | 553/669 kB | 184/256 kB
Progress (3): 5.4 kB | 553/669 kB | 188/256 kB
Progress (3): 5.4 kB | 557/669 kB | 188/256 kB
Progress (3): 5.4 kB | 557/669 kB | 192/256 kB
Progress (3): 5.4 kB | 557/669 kB | 196/256 kB
Progress (3): 5.4 kB | 561/669 kB | 196/256 kB
Progress (3): 5.4 kB | 565/669 kB | 196/256 kB
Progress (3): 5.4 kB | 569/669 kB | 196/256 kB
Progress (3): 5.4 kB | 573/669 kB | 196/256 kB
Progress (3): 5.4 kB | 578/669 kB | 196/256 kB
Progress (3): 5.4 kB | 582/669 kB | 196/256 kB
Progress (3): 5.4 kB | 586/669 kB | 196/256 kB
Progress (3): 5.4 kB | 590/669 kB | 196/256 kB
Progress (3): 5.4 kB | 594/669 kB | 196/256 kB
Progress (3): 5.4 kB | 598/669 kB | 196/256 kB
Progress (3): 5.4 kB | 602/669 kB | 196/256 kB
Progress (3): 5.4 kB | 606/669 kB | 196/256 kB
Progress (3): 5.4 kB | 610/669 kB | 196/256 kB
Progress (3): 5.4 kB | 610/669 kB | 200/256 kB
Progress (3): 5.4 kB | 614/669 kB | 200/256 kB
Progress (3): 5.4 kB | 614/669 kB | 204/256 kB
Progress (3): 5.4 kB | 618/669 kB | 204/256 kB
Progress (3): 5.4 kB | 618/669 kB | 208/256 kB
Progress (3): 5.4 kB | 623/669 kB | 208/256 kB
Progress (3): 5.4 kB | 623/669 kB | 212/256 kB
Progress (3): 5.4 kB | 627/669 kB | 212/256 kB
Progress (3): 5.4 kB | 631/669 kB | 212/256 kB
Progress (3): 5.4 kB | 631/669 kB | 217/256 kB
Progress (3): 5.4 kB | 635/669 kB | 217/256 kB
Progress (3): 5.4 kB | 635/669 kB | 221/256 kB
Progress (3): 5.4 kB | 639/669 kB | 221/256 kB
Progress (3): 5.4 kB | 639/669 kB | 225/256 kB
Progress (3): 5.4 kB | 639/669 kB | 229/256 kB
Progress (3): 5.4 kB | 643/669 kB | 229/256 kB
Progress (3): 5.4 kB | 647/669 kB | 229/256 kB
Progress (3): 5.4 kB | 647/669 kB | 233/256 kB
Progress (3): 5.4 kB | 651/669 kB | 233/256 kB
Progress (3): 5.4 kB | 651/669 kB | 237/256 kB
Progress (3): 5.4 kB | 655/669 kB | 237/256 kB
Progress (3): 5.4 kB | 655/669 kB | 241/256 kB
Progress (3): 5.4 kB | 655/669 kB | 245/256 kB
Progress (3): 5.4 kB | 659/669 kB | 245/256 kB
Progress (3): 5.4 kB | 664/669 kB | 245/256 kB
Progress (3): 5.4 kB | 664/669 kB | 249/256 kB
Progress (3): 5.4 kB | 668/669 kB | 249/256 kB
Progress (3): 5.4 kB | 668/669 kB | 253/256 kB
Progress (3): 5.4 kB | 669 kB | 253/256 kB    
Progress (3): 5.4 kB | 669 kB | 256 kB    
                                      
Downloaded from central: https://repo.maven.apache.org/maven2/net/bytebuddy/byte-buddy-agent/1.12.13/byte-buddy-agent-1.12.13.jar (256 kB at 2.6 MB/s)
Downloaded from central: https://repo.maven.apache.org/maven2/org/mockito/mockito-core/4.7.0/mockito-core-4.7.0.jar (669 kB at 6.7 MB/s)
Downloaded from central: https://repo.maven.apache.org/maven2/org/mockito/mockito-junit-jupiter/4.7.0/mockito-junit-jupiter-4.7.0.jar (5.4 kB at 50 kB/s)
[INFO] 
[INFO] --- maven-dependency-plugin:2.8:tree (default-cli) @ arex-agent-parent ---
[INFO] io.arex:arex-agent-parent:pom:0.3.4
[INFO] +- org.junit.jupiter:junit-jupiter-api:jar:5.8.2:test
[INFO] |  +- org.opentest4j:opentest4j:jar:1.2.0:test
[INFO] |  +- org.junit.platform:junit-platform-commons:jar:1.8.2:test
[INFO] |  \- org.apiguardian:apiguardian-api:jar:1.1.2:test
[INFO] +- org.junit.jupiter:junit-jupiter-engine:jar:5.8.2:test
[INFO] |  \- org.junit.platform:junit-platform-engine:jar:1.8.2:test
[INFO] +- org.junit.jupiter:junit-jupiter-params:jar:5.8.2:test
[INFO] +- org.mockito:mockito-junit-jupiter:jar:4.7.0:test
[INFO] |  \- org.mockito:mockito-core:jar:4.7.0:test
[INFO] |     +- net.bytebuddy:byte-buddy:jar:1.12.8:test
[INFO] |     +- net.bytebuddy:byte-buddy-agent:jar:1.12.13:test
[INFO] |     \- org.objenesis:objenesis:jar:3.2:test
[INFO] \- org.mockito:mockito-inline:jar:4.7.0:test
[INFO] 
[INFO] ----------------------< io.arex:arex-third-party >----------------------
[INFO] Building arex-third-party 0.3.4                                   [2/43]
[INFO] --------------------------------[ jar ]---------------------------------
[INFO] 
[INFO] --- maven-dependency-plugin:2.8:tree (default-cli) @ arex-third-party ---
[INFO] io.arex:arex-third-party:jar:0.3.4
[INFO] +- org.junit.jupiter:junit-jupiter-api:jar:5.8.2:test
[INFO] |  +- org.opentest4j:opentest4j:jar:1.2.0:test
[INFO] |  +- org.junit.platform:junit-platform-commons:jar:1.8.2:test
[INFO] |  \- org.apiguardian:apiguardian-api:jar:1.1.2:test
[INFO] +- org.junit.jupiter:junit-jupiter-engine:jar:5.8.2:test
[INFO] |  \- org.junit.platform:junit-platform-engine:jar:1.8.2:test
[INFO] +- org.junit.jupiter:junit-jupiter-params:jar:5.8.2:test
[INFO] +- org.mockito:mockito-junit-jupiter:jar:4.7.0:test
[INFO] |  \- org.mockito:mockito-core:jar:4.7.0:test
[INFO] |     +- net.bytebuddy:byte-buddy:jar:1.12.8:test
[INFO] |     +- net.bytebuddy:byte-buddy-agent:jar:1.12.13:test
[INFO] |     \- org.objenesis:objenesis:jar:3.2:test
[INFO] \- org.mockito:mockito-inline:jar:4.7.0:test
[INFO] 
[INFO] --------------------< io.arex:arex-agent-bootstrap >--------------------
[INFO] Building arex-agent-bootstrap 0.3.4                               [3/43]
[INFO] --------------------------------[ jar ]---------------------------------
Downloading from central: https://repo.maven.apache.org/maven2/org/apache/maven/plugins/maven-shade-plugin/3.2.1/maven-shade-plugin-3.2.1.pom
Progress (1): 4.1/9.3 kB
Progress (1): 8.2/9.3 kB
Progress (1): 9.3 kB    
                    
Downloaded from central: https://repo.maven.apache.org/maven2/org/apache/maven/plugins/maven-shade-plugin/3.2.1/maven-shade-plugin-3.2.1.pom (9.3 kB at 718 kB/s)
Downloading from central: https://repo.maven.apache.org/maven2/org/apache/maven/plugins/maven-shade-plugin/3.2.1/maven-shade-plugin-3.2.1.jar
Progress (1): 4.1/114 kB
Progress (1): 8.2/114 kB
Progress (1): 12/114 kB 
Progress (1): 16/114 kB
Progress (1): 20/114 kB
Progress (1): 25/114 kB
Progress (1): 29/114 kB
Progress (1): 33/114 kB
Progress (1): 37/114 kB
Progress (1): 41/114 kB
Progress (1): 45/114 kB
Progress (1): 49/114 kB
Progress (1): 53/114 kB
Progress (1): 57/114 kB
Progress (1): 61/114 kB
Progress (1): 66/114 kB
Progress (1): 70/114 kB
Progress (1): 74/114 kB
Progress (1): 78/114 kB
Progress (1): 82/114 kB
Progress (1): 86/114 kB
Progress (1): 90/114 kB
Progress (1): 94/114 kB
Progress (1): 98/114 kB
Progress (1): 102/114 kB
Progress (1): 106/114 kB
Progress (1): 111/114 kB
Progress (1): 114 kB    
                    
Downloaded from central: https://repo.maven.apache.org/maven2/org/apache/maven/plugins/maven-shade-plugin/3.2.1/maven-shade-plugin-3.2.1.jar (114 kB at 7.1 MB/s)
Downloading from central: https://repo.maven.apache.org/maven2/io/arex/arex-third-party/0.3.4/arex-third-party-0.3.4.jar
[INFO] ------------------------------------------------------------------------
[INFO] Reactor Summary for arex-agent-java 0.3.4:
[INFO] 
[INFO] arex-agent-java .................................... SUCCESS [  0.580 s]
[INFO] arex-third-party ................................... SUCCESS [  0.019 s]
[INFO] arex-agent-bootstrap ............................... FAILURE [  0.177 s]
[INFO] arex-instrumentation-api ........................... SKIPPED
[INFO] arex-instrumentation-foundation .................... SKIPPED
[INFO] arex-agent-core .................................... SKIPPED
[INFO] arex-instrumentation-parent ........................ SKIPPED
[INFO] arex-executors ..................................... SKIPPED
[INFO] arex-loader ........................................ SKIPPED
[INFO] arex-httpservlet ................................... SKIPPED
[INFO] arex-httpclient-common ............................. SKIPPED
[INFO] arex-httpclient-apache-v4 .......................... SKIPPED
[INFO] arex-database-common ............................... SKIPPED
[INFO] arex-database-hibernate ............................ SKIPPED
[INFO] arex-database-mybatis3 ............................. SKIPPED
[INFO] arex-redis-common .................................. SKIPPED
[INFO] arex-jedis-v4 ...................................... SKIPPED
[INFO] arex-lettuce-v6 .................................... SKIPPED
[INFO] arex-redission-v3 .................................. SKIPPED
[INFO] arex-serializer .................................... SKIPPED
[INFO] arex-dynamic-common ................................ SKIPPED
[INFO] arex-dynamic ....................................... SKIPPED
[INFO] arex-cache ......................................... SKIPPED
[INFO] arex-time-machine .................................. SKIPPED
[INFO] arex-httpclient-okhttp-v3 .......................... SKIPPED
[INFO] arex-netty-v4 ...................................... SKIPPED
[INFO] arex-jwt ........................................... SKIPPED
[INFO] arex-dubbo-common .................................. SKIPPED
[INFO] arex-dubbo-apache-v2 ............................... SKIPPED
[INFO] arex-dubbo-apache-v3 ............................... SKIPPED
[INFO] arex-dubbo-alibaba ................................. SKIPPED
[INFO] arex-spring-security ............................... SKIPPED
[INFO] arex-httpclient-webclient-v5 ....................... SKIPPED
[INFO] arex-shiro ......................................... SKIPPED
[INFO] arex-jcasbin ....................................... SKIPPED
[INFO] arex-agent ......................................... SKIPPED
[INFO] arex-jedis-v2 ...................................... SKIPPED
[INFO] arex-attacher ...................................... SKIPPED
[INFO] arex-integration-tests ............................. SKIPPED
[INFO] arex-common-integration-test ....................... SKIPPED
[INFO] arex-main-integration-test ......................... SKIPPED
[INFO] arex-dynamic-integration-test ...................... SKIPPED
[INFO] arex-jedis-v4-integration-test ..................... SKIPPED
[INFO] ------------------------------------------------------------------------
[INFO] BUILD FAILURE
[INFO] ------------------------------------------------------------------------
[INFO] Total time:  1.452 s
[INFO] Finished at: 2023-09-25T20:55:45Z
[INFO] ------------------------------------------------------------------------
[ERROR] Failed to execute goal on project arex-agent-bootstrap: Could not resolve dependencies for project io.arex:arex-agent-bootstrap:jar:0.3.4: Could not find artifact io.arex:arex-third-party:jar:0.3.4 in central (https://repo.maven.apache.org/maven2) -> [Help 1]
[ERROR] 
[ERROR] To see the full stack trace of the errors, re-run Maven with the -e switch.
[ERROR] Re-run Maven using the -X switch to enable full debug logging.
[ERROR] 
[ERROR] For more information about the errors and possible solutions, please read the following articles:
[ERROR] [Help 1] http://cwiki.apache.org/confluence/display/MAVEN/DependencyResolutionException
[ERROR] 
[ERROR] After correcting the problems, you can resume the build with the command
[ERROR]   mvn <args> -rf :arex-agent-bootstrap
